#
# There is insufficient memory for the Java Runtime Environment to continue.
# Native memory allocation (malloc) failed to allocate 32744 bytes for ChunkPool::allocate
# Possible reasons:
#   The system is out of physical RAM or swap space
#   In 32 bit mode, the process size limit was hit
# Possible solutions:
#   Reduce memory load on the system
#   Increase physical memory or swap space
#   Check if swap backing store is full
#   Use 64 bit Java on a 64 bit OS
#   Decrease Java heap size (-Xmx/-Xms)
#   Decrease number of Java threads
#   Decrease Java thread stack sizes (-Xss)
#   Set larger code cache with -XX:ReservedCodeCacheSize=
# This output file may be truncated or incomplete.
#
#  Out of Memory Error (allocation.cpp:273), pid=11900, tid=0x00000000000024ec
#
# JRE version: Java(TM) SE Runtime Environment (8.0_131-b11) (build 1.8.0_131-b11)
# Java VM: Java HotSpot(TM) 64-Bit Server VM (25.131-b11 mixed mode windows-amd64 compressed oops)
# Failed to write core dump. Minidumps are not enabled by default on client versions of Windows
#

---------------  T H R E A D  ---------------

Current thread (0x00000000179b9000):  JavaThread "restartedMain" [_thread_in_vm, id=9452, stack(0x0000000018380000,0x0000000018480000)]

Stack: [0x0000000018380000,0x0000000018480000]
[error occurred during error reporting (printing stack bounds), id 0xc0000005]

Native frames: (J=compiled Java code, j=interpreted, Vv=VM code, C=native code)

Java frames: (J=compiled Java code, j=interpreted, Vv=VM code)
J 703  java.lang.Throwable.fillInStackTrace(I)Ljava/lang/Throwable; (0 bytes) @ 0x0000000003333afb [0x0000000003333ac0+0x3b]
J 702 C1 java.lang.Throwable.fillInStackTrace()Ljava/lang/Throwable; (29 bytes) @ 0x00000000033336e4 [0x00000000033335c0+0x124]
J 1665 C1 java.lang.Throwable.<init>(Ljava/lang/String;Ljava/lang/Throwable;)V (39 bytes) @ 0x00000000034a0164 [0x00000000034a00c0+0xa4]
J 730 C1 java.lang.ClassNotFoundException.<init>(Ljava/lang/String;)V (7 bytes) @ 0x000000000334201c [0x0000000003341fe0+0x3c]
J 704 C1 java.net.URLClassLoader.findClass(Ljava/lang/String;)Ljava/lang/Class; (47 bytes) @ 0x0000000003333f94 [0x0000000003333e40+0x154]
J 527 C1 java.lang.ClassLoader.loadClass(Ljava/lang/String;Z)Ljava/lang/Class; (122 bytes) @ 0x00000000032d65a4 [0x00000000032d62a0+0x304]
J 527 C1 java.lang.ClassLoader.loadClass(Ljava/lang/String;Z)Ljava/lang/Class; (122 bytes) @ 0x00000000032d64f4 [0x00000000032d62a0+0x254]
J 615 C1 sun.misc.Launcher$AppClassLoader.loadClass(Ljava/lang/String;Z)Ljava/lang/Class; (85 bytes) @ 0x00000000033039c4 [0x00000000033036e0+0x2e4]
J 614 C1 java.lang.ClassLoader.loadClass(Ljava/lang/String;)Ljava/lang/Class; (7 bytes) @ 0x00000000033033a4 [0x0000000003303360+0x44]
v  ~StubRoutines::call_stub
j  org.apache.ibatis.mapping.ResultMapping$Builder.<init>(Lorg/apache/ibatis/session/Configuration;Ljava/lang/String;)V+5
j  org.apache.ibatis.mapping.ResultMapping$Builder.<init>(Lorg/apache/ibatis/session/Configuration;Ljava/lang/String;Ljava/lang/String;Ljava/lang/Class;)V+3
j  org.apache.ibatis.builder.MapperBuilderAssistant.buildResultMapping(Ljava/lang/Class;Ljava/lang/String;Ljava/lang/String;Ljava/lang/Class;Lorg/apache/ibatis/type/JdbcType;Ljava/lang/String;Ljava/lang/String;Ljava/lang/String;Ljava/lang/String;Ljava/lang/Class;Ljava/util/List;Ljava/lang/String;Ljava/lang/String;Z)Lorg/apache/ibatis/mapping/ResultMapping;+39
j  org.apache.ibatis.builder.xml.XMLMapperBuilder.buildResultMappingFromContext(Lorg/apache/ibatis/parsing/XNode;Ljava/lang/Class;Ljava/util/List;)Lorg/apache/ibatis/mapping/ResultMapping;+220
j  org.apache.ibatis.builder.xml.XMLMapperBuilder.resultMapElement(Lorg/apache/ibatis/parsing/XNode;Ljava/util/List;Ljava/lang/Class;)Lorg/apache/ibatis/mapping/ResultMap;+238
j  org.apache.ibatis.builder.xml.XMLMapperBuilder.resultMapElement(Lorg/apache/ibatis/parsing/XNode;)Lorg/apache/ibatis/mapping/ResultMap;+6
j  org.apache.ibatis.builder.xml.XMLMapperBuilder.resultMapElements(Ljava/util/List;)V+28
j  org.apache.ibatis.builder.xml.XMLMapperBuilder.configurationElement(Lorg/apache/ibatis/parsing/XNode;)V+75
j  org.apache.ibatis.builder.xml.XMLMapperBuilder.parse()V+24
j  org.mybatis.spring.SqlSessionFactoryBean.buildSqlSessionFactory()Lorg/apache/ibatis/session/SqlSessionFactory;+657
j  org.mybatis.spring.SqlSessionFactoryBean.afterPropertiesSet()V+58
j  org.mybatis.spring.SqlSessionFactoryBean.getObject()Lorg/apache/ibatis/session/SqlSessionFactory;+8
j  org.mybatis.spring.boot.autoconfigure.MybatisAutoConfiguration.sqlSessionFactory(Ljavax/sql/DataSource;)Lorg/apache/ibatis/session/SqlSessionFactory;+205
j  org.mybatis.spring.boot.autoconfigure.MybatisAutoConfiguration$$EnhancerBySpringCGLIB$$dbab50d3.CGLIB$sqlSessionFactory$2(Ljavax/sql/DataSource;)Lorg/apache/ibatis/session/SqlSessionFactory;+2
j  org.mybatis.spring.boot.autoconfigure.MybatisAutoConfiguration$$EnhancerBySpringCGLIB$$dbab50d3$$FastClassBySpringCGLIB$$4e0757f7.invoke(ILjava/lang/Object;[Ljava/lang/Object;)Ljava/lang/Object;+164
j  org.springframework.cglib.proxy.MethodProxy.invokeSuper(Ljava/lang/Object;[Ljava/lang/Object;)Ljava/lang/Object;+19
j  org.springframework.context.annotation.ConfigurationClassEnhancer$BeanMethodInterceptor.intercept(Ljava/lang/Object;Ljava/lang/reflect/Method;[Ljava/lang/Object;Lorg/springframework/cglib/proxy/MethodProxy;)Ljava/lang/Object;+207
j  org.mybatis.spring.boot.autoconfigure.MybatisAutoConfiguration$$EnhancerBySpringCGLIB$$dbab50d3.sqlSessionFactory(Ljavax/sql/DataSource;)Lorg/apache/ibatis/session/SqlSessionFactory;+36
v  ~StubRoutines::call_stub
J 1874  sun.reflect.NativeMethodAccessorImpl.invoke0(Ljava/lang/reflect/Method;Ljava/lang/Object;[Ljava/lang/Object;)Ljava/lang/Object; (0 bytes) @ 0x000000000352e07f [0x000000000352e000+0x7f]
J 1873 C1 sun.reflect.NativeMethodAccessorImpl.invoke(Ljava/lang/Object;[Ljava/lang/Object;)Ljava/lang/Object; (104 bytes) @ 0x000000000352e79c [0x000000000352e420+0x37c]
J 1621 C1 sun.reflect.DelegatingMethodAccessorImpl.invoke(Ljava/lang/Object;[Ljava/lang/Object;)Ljava/lang/Object; (10 bytes) @ 0x0000000003489d64 [0x0000000003489d20+0x44]
J 1620 C1 java.lang.reflect.Method.invoke(Ljava/lang/Object;[Ljava/lang/Object;)Ljava/lang/Object; (62 bytes) @ 0x0000000003489994 [0x00000000034898a0+0xf4]
j  org.springframework.beans.factory.support.SimpleInstantiationStrategy.instantiate(Lorg/springframework/beans/factory/support/RootBeanDefinition;Ljava/lang/String;Lorg/springframework/beans/factory/BeanFactory;Ljava/lang/Object;Ljava/lang/reflect/Method;[Ljava/lang/Object;)Ljava/lang/Object;+50
j  org.springframework.beans.factory.support.ConstructorResolver.instantiate(Ljava/lang/String;Lorg/springframework/beans/factory/support/RootBeanDefinition;Ljava/lang/Object;Ljava/lang/reflect/Method;[Ljava/lang/Object;)Ljava/lang/Object;+48
j  org.springframework.beans.factory.support.ConstructorResolver.instantiateUsingFactoryMethod(Ljava/lang/String;Lorg/springframework/beans/factory/support/RootBeanDefinition;[Ljava/lang/Object;)Lorg/springframework/beans/BeanWrapper;+1479
j  org.springframework.beans.factory.support.AbstractAutowireCapableBeanFactory.instantiateUsingFactoryMethod(Ljava/lang/String;Lorg/springframework/beans/factory/support/RootBeanDefinition;[Ljava/lang/Object;)Lorg/springframework/beans/BeanWrapper;+11
j  org.springframework.beans.factory.support.AbstractAutowireCapableBeanFactory.createBeanInstance(Ljava/lang/String;Lorg/springframework/beans/factory/support/RootBeanDefinition;[Ljava/lang/Object;)Lorg/springframework/beans/BeanWrapper;+101
j  org.springframework.beans.factory.support.AbstractAutowireCapableBeanFactory.doCreateBean(Ljava/lang/String;Lorg/springframework/beans/factory/support/RootBeanDefinition;[Ljava/lang/Object;)Ljava/lang/Object;+34
j  org.springframework.beans.factory.support.AbstractAutowireCapableBeanFactory.createBean(Ljava/lang/String;Lorg/springframework/beans/factory/support/RootBeanDefinition;[Ljava/lang/Object;)Ljava/lang/Object;+169
j  org.springframework.beans.factory.support.AbstractBeanFactory.lambda$doGetBean$0(Ljava/lang/String;Lorg/springframework/beans/factory/support/RootBeanDefinition;[Ljava/lang/Object;)Ljava/lang/Object;+4
j  org.springframework.beans.factory.support.AbstractBeanFactory$$Lambda$119.getObject()Ljava/lang/Object;+16
j  org.springframework.beans.factory.support.DefaultSingletonBeanRegistry.getSingleton(Ljava/lang/String;Lorg/springframework/beans/factory/ObjectFactory;)Ljava/lang/Object;+132
J 2351 C1 org.springframework.beans.factory.support.AbstractBeanFactory.doGetBean(Ljava/lang/String;Ljava/lang/Class;[Ljava/lang/Object;Z)Ljava/lang/Object; (833 bytes) @ 0x000000000362354c [0x0000000003622f80+0x5cc]
j  org.springframework.beans.factory.support.AbstractBeanFactory.getBean(Ljava/lang/String;)Ljava/lang/Object;+5
j  org.springframework.beans.factory.config.DependencyDescriptor.resolveCandidate(Ljava/lang/String;Ljava/lang/Class;Lorg/springframework/beans/factory/BeanFactory;)Ljava/lang/Object;+2
j  org.springframework.beans.factory.support.DefaultListableBeanFactory.doResolveDependency(Lorg/springframework/beans/factory/config/DependencyDescriptor;Ljava/lang/String;Ljava/util/Set;Lorg/springframework/beans/TypeConverter;)Ljava/lang/Object;+440
j  org.springframework.beans.factory.support.DefaultListableBeanFactory.resolveDependency(Lorg/springframework/beans/factory/config/DependencyDescriptor;Ljava/lang/String;Ljava/util/Set;Lorg/springframework/beans/TypeConverter;)Ljava/lang/Object;+108
j  org.springframework.beans.factory.support.AbstractAutowireCapableBeanFactory.autowireByType(Ljava/lang/String;Lorg/springframework/beans/factory/support/AbstractBeanDefinition;Lorg/springframework/beans/BeanWrapper;Lorg/springframework/beans/MutablePropertyValues;)V+128
j  org.springframework.beans.factory.support.AbstractAutowireCapableBeanFactory.populateBean(Ljava/lang/String;Lorg/springframework/beans/factory/support/RootBeanDefinition;Lorg/springframework/beans/BeanWrapper;)V+200
j  org.springframework.beans.factory.support.AbstractAutowireCapableBeanFactory.doCreateBean(Ljava/lang/String;Lorg/springframework/beans/factory/support/RootBeanDefinition;[Ljava/lang/Object;)Ljava/lang/Object;+237
j  org.springframework.beans.factory.support.AbstractAutowireCapableBeanFactory.createBean(Ljava/lang/String;Lorg/springframework/beans/factory/support/RootBeanDefinition;[Ljava/lang/Object;)Ljava/lang/Object;+169
j  org.springframework.beans.factory.support.AbstractBeanFactory.lambda$doGetBean$0(Ljava/lang/String;Lorg/springframework/beans/factory/support/RootBeanDefinition;[Ljava/lang/Object;)Ljava/lang/Object;+4
j  org.springframework.beans.factory.support.AbstractBeanFactory$$Lambda$119.getObject()Ljava/lang/Object;+16
j  org.springframework.beans.factory.support.DefaultSingletonBeanRegistry.getSingleton(Ljava/lang/String;Lorg/springframework/beans/factory/ObjectFactory;)Ljava/lang/Object;+132
J 2351 C1 org.springframework.beans.factory.support.AbstractBeanFactory.doGetBean(Ljava/lang/String;Ljava/lang/Class;[Ljava/lang/Object;Z)Ljava/lang/Object; (833 bytes) @ 0x000000000362354c [0x0000000003622f80+0x5cc]
j  org.springframework.beans.factory.support.AbstractBeanFactory.getBean(Ljava/lang/String;)Ljava/lang/Object;+5
j  org.springframework.beans.factory.config.DependencyDescriptor.resolveCandidate(Ljava/lang/String;Ljava/lang/Class;Lorg/springframework/beans/factory/BeanFactory;)Ljava/lang/Object;+2
j  org.springframework.beans.factory.support.DefaultListableBeanFactory.doResolveDependency(Lorg/springframework/beans/factory/config/DependencyDescriptor;Ljava/lang/String;Ljava/util/Set;Lorg/springframework/beans/TypeConverter;)Ljava/lang/Object;+440
j  org.springframework.beans.factory.support.DefaultListableBeanFactory.resolveDependency(Lorg/springframework/beans/factory/config/DependencyDescriptor;Ljava/lang/String;Ljava/util/Set;Lorg/springframework/beans/TypeConverter;)Ljava/lang/Object;+108
j  org.springframework.beans.factory.annotation.AutowiredAnnotationBeanPostProcessor$AutowiredFieldElement.inject(Ljava/lang/Object;Ljava/lang/String;Lorg/springframework/beans/PropertyValues;)V+115
j  org.springframework.beans.factory.annotation.InjectionMetadata.inject(Ljava/lang/Object;Ljava/lang/String;Lorg/springframework/beans/PropertyValues;)V+116
j  org.springframework.beans.factory.annotation.AutowiredAnnotationBeanPostProcessor.postProcessProperties(Lorg/springframework/beans/PropertyValues;Ljava/lang/Object;Ljava/lang/String;)Lorg/springframework/beans/PropertyValues;+17
j  org.springframework.beans.factory.support.AbstractAutowireCapableBeanFactory.populateBean(Ljava/lang/String;Lorg/springframework/beans/factory/support/RootBeanDefinition;Lorg/springframework/beans/BeanWrapper;)V+305
j  org.springframework.beans.factory.support.AbstractAutowireCapableBeanFactory.doCreateBean(Ljava/lang/String;Lorg/springframework/beans/factory/support/RootBeanDefinition;[Ljava/lang/Object;)Ljava/lang/Object;+237
j  org.springframework.beans.factory.support.AbstractAutowireCapableBeanFactory.createBean(Ljava/lang/String;Lorg/springframework/beans/factory/support/RootBeanDefinition;[Ljava/lang/Object;)Ljava/lang/Object;+169
j  org.springframework.beans.factory.support.AbstractBeanFactory.lambda$doGetBean$0(Ljava/lang/String;Lorg/springframework/beans/factory/support/RootBeanDefinition;[Ljava/lang/Object;)Ljava/lang/Object;+4
j  org.springframework.beans.factory.support.AbstractBeanFactory$$Lambda$119.getObject()Ljava/lang/Object;+16
j  org.springframework.beans.factory.support.DefaultSingletonBeanRegistry.getSingleton(Ljava/lang/String;Lorg/springframework/beans/factory/ObjectFactory;)Ljava/lang/Object;+132
J 2351 C1 org.springframework.beans.factory.support.AbstractBeanFactory.doGetBean(Ljava/lang/String;Ljava/lang/Class;[Ljava/lang/Object;Z)Ljava/lang/Object; (833 bytes) @ 0x000000000362354c [0x0000000003622f80+0x5cc]
j  org.springframework.beans.factory.support.AbstractBeanFactory.getBean(Ljava/lang/String;)Ljava/lang/Object;+5
j  org.springframework.beans.factory.config.DependencyDescriptor.resolveCandidate(Ljava/lang/String;Ljava/lang/Class;Lorg/springframework/beans/factory/BeanFactory;)Ljava/lang/Object;+2
j  org.springframework.beans.factory.support.DefaultListableBeanFactory.doResolveDependency(Lorg/springframework/beans/factory/config/DependencyDescriptor;Ljava/lang/String;Ljava/util/Set;Lorg/springframework/beans/TypeConverter;)Ljava/lang/Object;+440
j  org.springframework.beans.factory.support.DefaultListableBeanFactory.resolveDependency(Lorg/springframework/beans/factory/config/DependencyDescriptor;Ljava/lang/String;Ljava/util/Set;Lorg/springframework/beans/TypeConverter;)Ljava/lang/Object;+108
j  org.springframework.beans.factory.annotation.AutowiredAnnotationBeanPostProcessor$AutowiredFieldElement.inject(Ljava/lang/Object;Ljava/lang/String;Lorg/springframework/beans/PropertyValues;)V+115
j  org.springframework.beans.factory.annotation.InjectionMetadata.inject(Ljava/lang/Object;Ljava/lang/String;Lorg/springframework/beans/PropertyValues;)V+116
j  org.springframework.beans.factory.annotation.AutowiredAnnotationBeanPostProcessor.postProcessProperties(Lorg/springframework/beans/PropertyValues;Ljava/lang/Object;Ljava/lang/String;)Lorg/springframework/beans/PropertyValues;+17
j  org.springframework.beans.factory.support.AbstractAutowireCapableBeanFactory.populateBean(Ljava/lang/String;Lorg/springframework/beans/factory/support/RootBeanDefinition;Lorg/springframework/beans/BeanWrapper;)V+305
j  org.springframework.beans.factory.support.AbstractAutowireCapableBeanFactory.doCreateBean(Ljava/lang/String;Lorg/springframework/beans/factory/support/RootBeanDefinition;[Ljava/lang/Object;)Ljava/lang/Object;+237
j  org.springframework.beans.factory.support.AbstractAutowireCapableBeanFactory.createBean(Ljava/lang/String;Lorg/springframework/beans/factory/support/RootBeanDefinition;[Ljava/lang/Object;)Ljava/lang/Object;+169
j  org.springframework.beans.factory.support.AbstractBeanFactory.lambda$doGetBean$0(Ljava/lang/String;Lorg/springframework/beans/factory/support/RootBeanDefinition;[Ljava/lang/Object;)Ljava/lang/Object;+4
j  org.springframework.beans.factory.support.AbstractBeanFactory$$Lambda$119.getObject()Ljava/lang/Object;+16
j  org.springframework.beans.factory.support.DefaultSingletonBeanRegistry.getSingleton(Ljava/lang/String;Lorg/springframework/beans/factory/ObjectFactory;)Ljava/lang/Object;+132
J 2351 C1 org.springframework.beans.factory.support.AbstractBeanFactory.doGetBean(Ljava/lang/String;Ljava/lang/Class;[Ljava/lang/Object;Z)Ljava/lang/Object; (833 bytes) @ 0x000000000362354c [0x0000000003622f80+0x5cc]
j  org.springframework.beans.factory.support.AbstractBeanFactory.getBean(Ljava/lang/String;)Ljava/lang/Object;+5
j  org.springframework.beans.factory.support.DefaultListableBeanFactory.preInstantiateSingletons()V+248
j  org.springframework.context.support.AbstractApplicationContext.finishBeanFactoryInitialization(Lorg/springframework/beans/factory/config/ConfigurableListableBeanFactory;)V+124
j  org.springframework.context.support.AbstractApplicationContext.refresh()V+54
j  org.springframework.boot.web.servlet.context.ServletWebServerApplicationContext.refresh()V+1
j  org.springframework.boot.SpringApplication.refresh(Lorg/springframework/context/ApplicationContext;)V+10
j  org.springframework.boot.SpringApplication.refreshContext(Lorg/springframework/context/ConfigurableApplicationContext;)V+2
j  org.springframework.boot.SpringApplication.run([Ljava/lang/String;)Lorg/springframework/context/ConfigurableApplicationContext;+118
j  org.springframework.boot.SpringApplication.run([Ljava/lang/Class;[Ljava/lang/String;)Lorg/springframework/context/ConfigurableApplicationContext;+9
j  org.springframework.boot.SpringApplication.run(Ljava/lang/Class;[Ljava/lang/String;)Lorg/springframework/context/ConfigurableApplicationContext;+9
j  cn.edu.cqut.crm.CrmApplication.main([Ljava/lang/String;)V+3
v  ~StubRoutines::call_stub
j  sun.reflect.NativeMethodAccessorImpl.invoke0(Ljava/lang/reflect/Method;Ljava/lang/Object;[Ljava/lang/Object;)Ljava/lang/Object;+0
j  sun.reflect.NativeMethodAccessorImpl.invoke(Ljava/lang/Object;[Ljava/lang/Object;)Ljava/lang/Object;+100
j  sun.reflect.DelegatingMethodAccessorImpl.invoke(Ljava/lang/Object;[Ljava/lang/Object;)Ljava/lang/Object;+6
j  java.lang.reflect.Method.invoke(Ljava/lang/Object;[Ljava/lang/Object;)Ljava/lang/Object;+56
j  org.springframework.boot.devtools.restart.RestartLauncher.run()V+41
v  ~StubRoutines::call_stub

---------------  P R O C E S S  ---------------

Java Threads: ( => current thread )
  0x0000000017b8e800 JavaThread "Druid-ConnectionPool-Destroy-815465517" daemon [_thread_blocked, id=2744, stack(0x000000001b150000,0x000000001b250000)]
  0x0000000017b8e000 JavaThread "Druid-ConnectionPool-Create-815465517" daemon [_thread_blocked, id=12072, stack(0x000000001b050000,0x000000001b150000)]
  0x0000000017b8b000 JavaThread "mysql-cj-abandoned-connection-cleanup" daemon [_thread_blocked, id=9672, stack(0x000000001ad50000,0x000000001ae50000)]
  0x0000000019850800 JavaThread "container-0" [_thread_blocked, id=1052, stack(0x000000001aa50000,0x000000001ab50000)]
  0x0000000019850000 JavaThread "Catalina-utility-2" [_thread_blocked, id=12760, stack(0x000000001a950000,0x000000001aa50000)]
  0x000000001984f000 JavaThread "Catalina-utility-1" [_thread_blocked, id=6096, stack(0x0000000018480000,0x0000000018580000)]
  0x0000000017aa1000 JavaThread "RMI Scheduler(0)" daemon [_thread_blocked, id=4816, stack(0x0000000018880000,0x0000000018980000)]
  0x0000000017a4b000 JavaThread "RMI TCP Connection(1)-169.254.187.153" daemon [_thread_in_native, id=6464, stack(0x0000000018780000,0x0000000018880000)]
=>0x00000000179b9000 JavaThread "restartedMain" [_thread_in_vm, id=9452, stack(0x0000000018380000,0x0000000018480000)]
  0x00000000179b6800 JavaThread "Thread-1" [_thread_blocked, id=12140, stack(0x0000000018280000,0x0000000018380000)]
  0x0000000017798800 JavaThread "RMI TCP Accept-0" daemon [_thread_in_native, id=8276, stack(0x0000000017dd0000,0x0000000017ed0000)]
  0x0000000016e3a000 JavaThread "Service Thread" daemon [_thread_blocked, id=7568, stack(0x00000000174d0000,0x00000000175d0000)]
  0x0000000016e34000 JavaThread "C1 CompilerThread2" daemon [_thread_in_native, id=3672, stack(0x00000000173d0000,0x00000000174d0000)]
  0x0000000016d64000 JavaThread "C2 CompilerThread1" daemon [_thread_blocked, id=1496, stack(0x00000000172d0000,0x00000000173d0000)]
  0x0000000016dbb800 JavaThread "C2 CompilerThread0" daemon [_thread_blocked, id=3140, stack(0x00000000171d0000,0x00000000172d0000)]
  0x0000000016d9e000 JavaThread "Monitor Ctrl-Break" daemon [_thread_in_native, id=1016, stack(0x00000000170d0000,0x00000000171d0000)]
  0x0000000016b13800 JavaThread "Attach Listener" daemon [_thread_blocked, id=10012, stack(0x0000000016fd0000,0x00000000170d0000)]
  0x0000000015733000 JavaThread "Signal Dispatcher" daemon [_thread_blocked, id=7892, stack(0x0000000016ed0000,0x0000000016fd0000)]
  0x0000000003109000 JavaThread "Finalizer" daemon [_thread_blocked, id=12496, stack(0x0000000016970000,0x0000000016a70000)]
  0x0000000003103800 JavaThread "Reference Handler" daemon [_thread_blocked, id=9680, stack(0x0000000016870000,0x0000000016970000)]
  0x0000000003016000 JavaThread "main" [_thread_blocked, id=1032, stack(0x0000000002d90000,0x0000000002e90000)]

Other Threads:
  0x00000000156e6800 VMThread [stack: 0x0000000016770000,0x0000000016870000] [id=10420]
  0x000000001779d000 WatcherThread [stack: 0x0000000017ed0000,0x0000000017fd0000] [id=876]

VM state:not at safepoint (normal execution)

VM Mutex/Monitor currently owned by a thread: None

Heap:
 PSYoungGen      total 102400K, used 15799K [0x00000000eb180000, 0x00000000f2100000, 0x0000000100000000)
  eden space 91136K, 17% used [0x00000000eb180000,0x00000000ec0eddd0,0x00000000f0a80000)
  from space 11264K, 0% used [0x00000000f1500000,0x00000000f1500000,0x00000000f2000000)
  to   space 10752K, 0% used [0x00000000f0a80000,0x00000000f0a80000,0x00000000f1500000)
 ParOldGen       total 34816K, used 18458K [0x00000000c1400000, 0x00000000c3600000, 0x00000000eb180000)
  object space 34816K, 53% used [0x00000000c1400000,0x00000000c2606bf8,0x00000000c3600000)
 Metaspace       used 35954K, capacity 37544K, committed 37888K, reserved 1081344K
  class space    used 4705K, capacity 5012K, committed 5120K, reserved 1048576K

Card table byte_map: [0x00000000124d0000,0x00000000126d0000] byte_map_base: 0x0000000011ec6000

Marking Bits: (ParMarkBitMap*) 0x00000000576bc720
 Begin Bits: [0x0000000012c20000, 0x0000000013bd0000)
 End Bits:   [0x0000000013bd0000, 0x0000000014b80000)

Polling page: 0x0000000000e30000

CodeCache: size=245760Kb used=7310Kb max_used=7310Kb free=238449Kb
 bounds [0x0000000003110000, 0x0000000003840000, 0x0000000012110000]
 total_blobs=3941 nmethods=3469 adapters=384
 compilation: enabled

Compilation events (10 events):
Event: 17.088 Thread 0x0000000016e34000 nmethod 3490 0x0000000003823cd0 code [0x0000000003823e20, 0x0000000003823f70]
Event: 17.088 Thread 0x0000000016e34000 3491   !   1       com.sun.org.apache.xml.internal.dtm.ref.dom2dtm.DOM2DTM::addNode (417 bytes)
Event: 17.092 Thread 0x0000000016e34000 nmethod 3491 0x0000000003824050 code [0x0000000003824340, 0x0000000003825088]
Event: 17.092 Thread 0x0000000016e34000 3493       1       com.sun.org.apache.xpath.internal.compiler.OpMapVector::elementAt (7 bytes)
Event: 17.092 Thread 0x0000000016e34000 nmethod 3493 0x0000000003825fd0 code [0x0000000003826120, 0x0000000003826250]
Event: 17.092 Thread 0x0000000016e34000 3492       1       com.sun.org.apache.xml.internal.dtm.ref.DTMDefaultBase::indexNode (69 bytes)
Event: 17.093 Thread 0x0000000016e34000 nmethod 3492 0x0000000003826310 code [0x00000000038264c0, 0x00000000038267c8]
Event: 17.096 Thread 0x0000000016e34000 3494       1       java.lang.invoke.InnerClassLambdaMetafactory::<init> (262 bytes)
Event: 17.101 Thread 0x0000000016e34000 nmethod 3494 0x0000000003826d50 code [0x0000000003827020, 0x0000000003828048]
Event: 17.101 Thread 0x0000000016e34000 3499       1       java.lang.invoke.AbstractValidatingLambdaMetafactory::validateMetafactoryArgs (864 bytes)

GC Heap History (10 events):
Event: 12.025 GC heap before
{Heap before GC invocations=8 (full 1):
 PSYoungGen      total 70656K, used 64512K [0x00000000eb180000, 0x00000000eff80000, 0x0000000100000000)
  eden space 64512K, 100% used [0x00000000eb180000,0x00000000ef080000,0x00000000ef080000)
  from space 6144K, 0% used [0x00000000ef780000,0x00000000ef780000,0x00000000efd80000)
  to   space 7168K, 0% used [0x00000000ef080000,0x00000000ef080000,0x00000000ef780000)
 ParOldGen       total 34816K, used 10438K [0x00000000c1400000, 0x00000000c3600000, 0x00000000eb180000)
  object space 34816K, 29% used [0x00000000c1400000,0x00000000c1e31938,0x00000000c3600000)
 Metaspace       used 23375K, capacity 24190K, committed 24448K, reserved 1071104K
  class space    used 3127K, capacity 3347K, committed 3456K, reserved 1048576K
Event: 12.042 GC heap after
Heap after GC invocations=8 (full 1):
 PSYoungGen      total 71680K, used 5533K [0x00000000eb180000, 0x00000000eff80000, 0x0000000100000000)
  eden space 64512K, 0% used [0x00000000eb180000,0x00000000eb180000,0x00000000ef080000)
  from space 7168K, 77% used [0x00000000ef080000,0x00000000ef5e7690,0x00000000ef780000)
  to   space 6144K, 0% used [0x00000000ef780000,0x00000000ef780000,0x00000000efd80000)
 ParOldGen       total 34816K, used 10510K [0x00000000c1400000, 0x00000000c3600000, 0x00000000eb180000)
  object space 34816K, 30% used [0x00000000c1400000,0x00000000c1e43948,0x00000000c3600000)
 Metaspace       used 23375K, capacity 24190K, committed 24448K, reserved 1071104K
  class space    used 3127K, capacity 3347K, committed 3456K, reserved 1048576K
}
Event: 13.964 GC heap before
{Heap before GC invocations=9 (full 1):
 PSYoungGen      total 71680K, used 70045K [0x00000000eb180000, 0x00000000eff80000, 0x0000000100000000)
  eden space 64512K, 100% used [0x00000000eb180000,0x00000000ef080000,0x00000000ef080000)
  from space 7168K, 77% used [0x00000000ef080000,0x00000000ef5e7690,0x00000000ef780000)
  to   space 6144K, 0% used [0x00000000ef780000,0x00000000ef780000,0x00000000efd80000)
 ParOldGen       total 34816K, used 10510K [0x00000000c1400000, 0x00000000c3600000, 0x00000000eb180000)
  object space 34816K, 30% used [0x00000000c1400000,0x00000000c1e43948,0x00000000c3600000)
 Metaspace       used 27290K, capacity 28392K, committed 28544K, reserved 1073152K
  class space    used 3691K, capacity 3952K, committed 3968K, reserved 1048576K
Event: 13.984 GC heap after
Heap after GC invocations=9 (full 1):
 PSYoungGen      total 70656K, used 6113K [0x00000000eb180000, 0x00000000eff80000, 0x0000000100000000)
  eden space 64512K, 0% used [0x00000000eb180000,0x00000000eb180000,0x00000000ef080000)
  from space 6144K, 99% used [0x00000000ef780000,0x00000000efd78408,0x00000000efd80000)
  to   space 7168K, 0% used [0x00000000ef080000,0x00000000ef080000,0x00000000ef780000)
 ParOldGen       total 34816K, used 13235K [0x00000000c1400000, 0x00000000c3600000, 0x00000000eb180000)
  object space 34816K, 38% used [0x00000000c1400000,0x00000000c20eced0,0x00000000c3600000)
 Metaspace       used 27290K, capacity 28392K, committed 28544K, reserved 1073152K
  class space    used 3691K, capacity 3952K, committed 3968K, reserved 1048576K
}
Event: 15.866 GC heap before
{Heap before GC invocations=10 (full 1):
 PSYoungGen      total 70656K, used 70625K [0x00000000eb180000, 0x00000000eff80000, 0x0000000100000000)
  eden space 64512K, 100% used [0x00000000eb180000,0x00000000ef080000,0x00000000ef080000)
  from space 6144K, 99% used [0x00000000ef780000,0x00000000efd78408,0x00000000efd80000)
  to   space 7168K, 0% used [0x00000000ef080000,0x00000000ef080000,0x00000000ef780000)
 ParOldGen       total 34816K, used 13235K [0x00000000c1400000, 0x00000000c3600000, 0x00000000eb180000)
  object space 34816K, 38% used [0x00000000c1400000,0x00000000c20eced0,0x00000000c3600000)
 Metaspace       used 31969K, capacity 33526K, committed 33536K, reserved 1079296K
  class space    used 4269K, capacity 4603K, committed 4608K, reserved 1048576K
Event: 15.890 GC heap after
Heap after GC invocations=10 (full 1):
 PSYoungGen      total 71680K, used 7137K [0x00000000eb180000, 0x00000000f2000000, 0x0000000100000000)
  eden space 64512K, 0% used [0x00000000eb180000,0x00000000eb180000,0x00000000ef080000)
  from space 7168K, 99% used [0x00000000ef080000,0x00000000ef778518,0x00000000ef780000)
  to   space 11264K, 0% used [0x00000000f1500000,0x00000000f1500000,0x00000000f2000000)
 ParOldGen       total 34816K, used 18088K [0x00000000c1400000, 0x00000000c3600000, 0x00000000eb180000)
  object space 34816K, 51% used [0x00000000c1400000,0x00000000c25aa0f0,0x00000000c3600000)
 Metaspace       used 31969K, capacity 33526K, committed 33536K, reserved 1079296K
  class space    used 4269K, capacity 4603K, committed 4608K, reserved 1048576K
}
Event: 16.388 GC heap before
{Heap before GC invocations=11 (full 1):
 PSYoungGen      total 71680K, used 27431K [0x00000000eb180000, 0x00000000f2000000, 0x0000000100000000)
  eden space 64512K, 31% used [0x00000000eb180000,0x00000000ec5518f0,0x00000000ef080000)
  from space 7168K, 99% used [0x00000000ef080000,0x00000000ef778518,0x00000000ef780000)
  to   space 11264K, 0% used [0x00000000f1500000,0x00000000f1500000,0x00000000f2000000)
 ParOldGen       total 34816K, used 18088K [0x00000000c1400000, 0x00000000c3600000, 0x00000000eb180000)
  object space 34816K, 51% used [0x00000000c1400000,0x00000000c25aa0f0,0x00000000c3600000)
 Metaspace       used 33712K, capacity 35316K, committed 35496K, reserved 1079296K
  class space    used 4417K, capacity 4744K, committed 4864K, reserved 1048576K
Event: 16.414 GC heap after
Heap after GC invocations=11 (full 1):
 PSYoungGen      total 102400K, used 4192K [0x00000000eb180000, 0x00000000f2100000, 0x0000000100000000)
  eden space 91136K, 0% used [0x00000000eb180000,0x00000000eb180000,0x00000000f0a80000)
  from space 11264K, 37% used [0x00000000f1500000,0x00000000f1918358,0x00000000f2000000)
  to   space 10752K, 0% used [0x00000000f0a80000,0x00000000f0a80000,0x00000000f1500000)
 ParOldGen       total 34816K, used 22708K [0x00000000c1400000, 0x00000000c3600000, 0x00000000eb180000)
  object space 34816K, 65% used [0x00000000c1400000,0x00000000c2a2d150,0x00000000c3600000)
 Metaspace       used 33712K, capacity 35316K, committed 35496K, reserved 1079296K
  class space    used 4417K, capacity 4744K, committed 4864K, reserved 1048576K
}
Event: 16.414 GC heap before
{Heap before GC invocations=12 (full 2):
 PSYoungGen      total 102400K, used 4192K [0x00000000eb180000, 0x00000000f2100000, 0x0000000100000000)
  eden space 91136K, 0% used [0x00000000eb180000,0x00000000eb180000,0x00000000f0a80000)
  from space 11264K, 37% used [0x00000000f1500000,0x00000000f1918358,0x00000000f2000000)
  to   space 10752K, 0% used [0x00000000f0a80000,0x00000000f0a80000,0x00000000f1500000)
 ParOldGen       total 34816K, used 22708K [0x00000000c1400000, 0x00000000c3600000, 0x00000000eb180000)
  object space 34816K, 65% used [0x00000000c1400000,0x00000000c2a2d150,0x00000000c3600000)
 Metaspace       used 33712K, capacity 35316K, committed 35496K, reserved 1079296K
  class space    used 4417K, capacity 4744K, committed 4864K, reserved 1048576K
Event: 16.594 GC heap after
Heap after GC invocations=12 (full 2):
 PSYoungGen      total 102400K, used 0K [0x00000000eb180000, 0x00000000f2100000, 0x0000000100000000)
  eden space 91136K, 0% used [0x00000000eb180000,0x00000000eb180000,0x00000000f0a80000)
  from space 11264K, 0% used [0x00000000f1500000,0x00000000f1500000,0x00000000f2000000)
  to   space 10752K, 0% used [0x00000000f0a80000,0x00000000f0a80000,0x00000000f1500000)
 ParOldGen       total 34816K, used 18458K [0x00000000c1400000, 0x00000000c3600000, 0x00000000eb180000)
  object space 34816K, 53% used [0x00000000c1400000,0x00000000c2606bf8,0x00000000c3600000)
 Metaspace       used 33712K, capacity 35316K, committed 35496K, reserved 1079296K
  class space    used 4417K, capacity 4744K, committed 4864K, reserved 1048576K
}

Deoptimization events (0 events):
No events

Internal exceptions (10 events):
Event: 15.984 Thread 0x00000000179b9000 Exception <a 'java/lang/ArrayIndexOutOfBoundsException'> (0x00000000eb7789d0) thrown at [C:\re\workspace\8-2-build-windows-amd64-cygwin\jdk8u131\8869\hotspot\src\share\vm\runtime\sharedRuntime.cpp, line 605]
Event: 15.985 Thread 0x00000000179b9000 Exception <a 'java/lang/ArrayIndexOutOfBoundsException'> (0x00000000eb77eed8) thrown at [C:\re\workspace\8-2-build-windows-amd64-cygwin\jdk8u131\8869\hotspot\src\share\vm\runtime\sharedRuntime.cpp, line 605]
Event: 15.986 Thread 0x00000000179b9000 Exception <a 'java/lang/ArrayIndexOutOfBoundsException'> (0x00000000eb781d58) thrown at [C:\re\workspace\8-2-build-windows-amd64-cygwin\jdk8u131\8869\hotspot\src\share\vm\runtime\sharedRuntime.cpp, line 605]
Event: 15.994 Thread 0x00000000179b9000 Exception <a 'java/lang/ArrayIndexOutOfBoundsException'> (0x00000000eb7ae040) thrown at [C:\re\workspace\8-2-build-windows-amd64-cygwin\jdk8u131\8869\hotspot\src\share\vm\runtime\sharedRuntime.cpp, line 605]
Event: 15.995 Thread 0x00000000179b9000 Exception <a 'java/lang/ArrayIndexOutOfBoundsException'> (0x00000000eb7b4aa8) thrown at [C:\re\workspace\8-2-build-windows-amd64-cygwin\jdk8u131\8869\hotspot\src\share\vm\runtime\sharedRuntime.cpp, line 605]
Event: 16.014 Thread 0x00000000179b9000 Exception <a 'java/lang/ArrayIndexOutOfBoundsException'> (0x00000000eb80e6c0) thrown at [C:\re\workspace\8-2-build-windows-amd64-cygwin\jdk8u131\8869\hotspot\src\share\vm\runtime\sharedRuntime.cpp, line 605]
Event: 16.025 Thread 0x00000000179b9000 Exception <a 'java/lang/ArrayIndexOutOfBoundsException'> (0x00000000eb84ee20) thrown at [C:\re\workspace\8-2-build-windows-amd64-cygwin\jdk8u131\8869\hotspot\src\share\vm\runtime\sharedRuntime.cpp, line 605]
Event: 16.032 Thread 0x00000000179b9000 Exception <a 'java/lang/ArrayIndexOutOfBoundsException'> (0x00000000eb87df10) thrown at [C:\re\workspace\8-2-build-windows-amd64-cygwin\jdk8u131\8869\hotspot\src\share\vm\runtime\sharedRuntime.cpp, line 605]
Event: 16.034 Thread 0x00000000179b9000 Exception <a 'java/lang/ArrayIndexOutOfBoundsException'> (0x00000000eb889af0) thrown at [C:\re\workspace\8-2-build-windows-amd64-cygwin\jdk8u131\8869\hotspot\src\share\vm\runtime\sharedRuntime.cpp, line 605]
Event: 16.828 Thread 0x00000000179b9000 Exception <a 'java/lang/ArrayIndexOutOfBoundsException'> (0x00000000ebaba948) thrown at [C:\re\workspace\8-2-build-windows-amd64-cygwin\jdk8u131\8869\hotspot\src\share\vm\runtime\sharedRuntime.cpp, line 605]

Events (10 events):
Event: 17.101 loading class org/apache/ibatis/reflection/invoker/Invoker
Event: 17.101 loading class org/apache/ibatis/reflection/invoker/Invoker done
Event: 17.102 loading class org/apache/ibatis/reflection/TypeParameterResolver
Event: 17.102 loading class org/apache/ibatis/reflection/TypeParameterResolver done
Event: 17.104 loading class org/apache/ibatis/reflection/property/PropertyTokenizer
Event: 17.104 loading class org/apache/ibatis/reflection/property/PropertyTokenizer done
Event: 17.105 loading class org/apache/ibatis/mapping/ResultMapping$Builder
Event: 17.105 loading class org/apache/ibatis/mapping/ResultMapping$Builder done
Event: 17.107 loading class org/apache/ibatis/mapping/ResultMapping
Event: 17.107 loading class org/apache/ibatis/mapping/ResultMapping done


Dynamic libraries:
0x00007ff7ee320000 - 0x00007ff7ee357000 	C:\Program Files\Java\jdk1.8.0_131\bin\java.exe
0x00007ffa54700000 - 0x00007ffa548f0000 	C:\WINDOWS\SYSTEM32\ntdll.dll
0x00007ffa52b10000 - 0x00007ffa52bc2000 	C:\WINDOWS\System32\KERNEL32.DLL
0x00007ffa524c0000 - 0x00007ffa52763000 	C:\WINDOWS\System32\KERNELBASE.dll
0x00007ffa53540000 - 0x00007ffa535e3000 	C:\WINDOWS\System32\ADVAPI32.dll
0x00007ffa543c0000 - 0x00007ffa5445e000 	C:\WINDOWS\System32\msvcrt.dll
0x00007ffa53720000 - 0x00007ffa537b7000 	C:\WINDOWS\System32\sechost.dll
0x00007ffa52840000 - 0x00007ffa52960000 	C:\WINDOWS\System32\RPCRT4.dll
0x00007ffa52960000 - 0x00007ffa52af3000 	C:\WINDOWS\System32\USER32.dll
0x00007ffa51a00000 - 0x00007ffa51a21000 	C:\WINDOWS\System32\win32u.dll
0x00007ffa53510000 - 0x00007ffa53536000 	C:\WINDOWS\System32\GDI32.dll
0x00007ffa51790000 - 0x00007ffa51924000 	C:\WINDOWS\System32\gdi32full.dll
0x00007ffa51930000 - 0x00007ffa519ce000 	C:\WINDOWS\System32\msvcp_win.dll
0x00007ffa51690000 - 0x00007ffa5178a000 	C:\WINDOWS\System32\ucrtbase.dll
0x00007ffa42280000 - 0x00007ffa42505000 	C:\WINDOWS\WinSxS\amd64_microsoft.windows.common-controls_6595b64144ccf1df_6.0.18362.175_none_e6c3ab1f131014c9\COMCTL32.dll
0x00007ffa52d80000 - 0x00007ffa530b6000 	C:\WINDOWS\System32\combase.dll
0x00007ffa52430000 - 0x00007ffa524b1000 	C:\WINDOWS\System32\bcryptPrimitives.dll
0x00007ffa535f0000 - 0x00007ffa5361e000 	C:\WINDOWS\System32\IMM32.DLL
0x0000000058930000 - 0x0000000058a02000 	C:\Program Files\Java\jdk1.8.0_131\jre\bin\msvcr100.dll
0x0000000056ea0000 - 0x000000005773c000 	C:\Program Files\Java\jdk1.8.0_131\jre\bin\server\jvm.dll
0x00007ffa53710000 - 0x00007ffa53718000 	C:\WINDOWS\System32\PSAPI.DLL
0x00007ffa4c140000 - 0x00007ffa4c149000 	C:\WINDOWS\SYSTEM32\WSOCK32.dll
0x00007ffa536a0000 - 0x00007ffa5370f000 	C:\WINDOWS\System32\WS2_32.dll
0x00007ffa4e2e0000 - 0x00007ffa4e304000 	C:\WINDOWS\SYSTEM32\WINMM.dll
0x00007ffa44e90000 - 0x00007ffa44e9a000 	C:\WINDOWS\SYSTEM32\VERSION.dll
0x00007ffa4e2b0000 - 0x00007ffa4e2dd000 	C:\WINDOWS\SYSTEM32\WINMMBASE.dll
0x00007ffa52770000 - 0x00007ffa527ba000 	C:\WINDOWS\System32\cfgmgr32.dll
0x0000000058920000 - 0x000000005892f000 	C:\Program Files\Java\jdk1.8.0_131\jre\bin\verify.dll
0x00000000588f0000 - 0x0000000058919000 	C:\Program Files\Java\jdk1.8.0_131\jre\bin\java.dll
0x00000000588c0000 - 0x00000000588e3000 	C:\Program Files\Java\jdk1.8.0_131\jre\bin\instrument.dll
0x00000000588a0000 - 0x00000000588b6000 	C:\Program Files\Java\jdk1.8.0_131\jre\bin\zip.dll
0x00007ffa53870000 - 0x00007ffa53f50000 	C:\WINDOWS\System32\SHELL32.dll
0x00007ffa531a0000 - 0x00007ffa53249000 	C:\WINDOWS\System32\shcore.dll
0x00007ffa51c30000 - 0x00007ffa523ab000 	C:\WINDOWS\System32\windows.storage.dll
0x00007ffa51670000 - 0x00007ffa5168f000 	C:\WINDOWS\System32\profapi.dll
0x00007ffa515e0000 - 0x00007ffa5162a000 	C:\WINDOWS\System32\powrprof.dll
0x00007ffa515d0000 - 0x00007ffa515e0000 	C:\WINDOWS\System32\UMPDC.dll
0x00007ffa54460000 - 0x00007ffa544b2000 	C:\WINDOWS\System32\shlwapi.dll
0x00007ffa51650000 - 0x00007ffa51661000 	C:\WINDOWS\System32\kernel.appcore.dll
0x00007ffa52410000 - 0x00007ffa52427000 	C:\WINDOWS\System32\cryptsp.dll
0x00007ffa47d70000 - 0x00007ffa47d8a000 	D:\IntelliJ IDEA 2019.1.3\bin\breakgen64.dll
0x0000000058880000 - 0x000000005889a000 	C:\Program Files\Java\jdk1.8.0_131\jre\bin\net.dll
0x00007ffa50de0000 - 0x00007ffa50e47000 	C:\WINDOWS\system32\mswsock.dll
0x00007ffa50b80000 - 0x00007ffa50c4a000 	C:\WINDOWS\SYSTEM32\DNSAPI.dll
0x00007ffa52b00000 - 0x00007ffa52b08000 	C:\WINDOWS\System32\NSI.dll
0x00007ffa50b40000 - 0x00007ffa50b7a000 	C:\WINDOWS\SYSTEM32\IPHLPAPI.DLL
0x00007ffa43b80000 - 0x00007ffa43b8a000 	C:\Windows\System32\rasadhlp.dll
0x00007ffa46190000 - 0x00007ffa46207000 	C:\WINDOWS\System32\fwpuclnt.dll
0x00007ffa519d0000 - 0x00007ffa519f6000 	C:\WINDOWS\System32\bcrypt.dll
0x0000000058870000 - 0x000000005887d000 	C:\Program Files\Java\jdk1.8.0_131\jre\bin\management.dll
0x0000000058850000 - 0x0000000058861000 	C:\Program Files\Java\jdk1.8.0_131\jre\bin\nio.dll
0x00007ffa509a0000 - 0x00007ffa509d3000 	C:\WINDOWS\system32\rsaenh.dll
0x00007ffa514f0000 - 0x00007ffa51515000 	C:\WINDOWS\SYSTEM32\USERENV.dll
0x00007ffa50fb0000 - 0x00007ffa50fbc000 	C:\WINDOWS\SYSTEM32\CRYPTBASE.dll
0x00007ffa484a0000 - 0x00007ffa484b6000 	C:\WINDOWS\SYSTEM32\dhcpcsvc6.DLL
0x00007ffa482d0000 - 0x00007ffa482ec000 	C:\WINDOWS\SYSTEM32\dhcpcsvc.DLL
0x00007ffa42ee0000 - 0x00007ffa42ef6000 	C:\WINDOWS\system32\napinsp.dll
0x00007ffa42ec0000 - 0x00007ffa42eda000 	C:\WINDOWS\system32\pnrpnsp.dll
0x00007ffa4df90000 - 0x00007ffa4df9e000 	C:\WINDOWS\System32\winrnr.dll
0x00007ffa4de00000 - 0x00007ffa4de1c000 	C:\WINDOWS\system32\NLAapi.dll
0x00007ffa32ac0000 - 0x00007ffa32ad5000 	C:\WINDOWS\system32\wshbth.dll

VM Arguments:
jvm_args: -XX:TieredStopAtLevel=1 -Xverify:none -Dspring.output.ansi.enabled=always -Dcom.sun.management.jmxremote -Dspring.jmx.enabled=true -Dspring.liveBeansView.mbeanDomain -Dspring.application.admin.enabled=true -javaagent:D:\IntelliJ IDEA 2019.1.3\lib\idea_rt.jar=52682:D:\IntelliJ IDEA 2019.1.3\bin -Dfile.encoding=UTF-8 
java_command: cn.edu.cqut.crm.CrmApplication
java_class_path (initial): C:\Program Files\Java\jdk1.8.0_131\jre\lib\charsets.jar;C:\Program Files\Java\jdk1.8.0_131\jre\lib\deploy.jar;C:\Program Files\Java\jdk1.8.0_131\jre\lib\ext\access-bridge-64.jar;C:\Program Files\Java\jdk1.8.0_131\jre\lib\ext\cldrdata.jar;C:\Program Files\Java\jdk1.8.0_131\jre\lib\ext\dnsns.jar;C:\Program Files\Java\jdk1.8.0_131\jre\lib\ext\jaccess.jar;C:\Program Files\Java\jdk1.8.0_131\jre\lib\ext\jfxrt.jar;C:\Program Files\Java\jdk1.8.0_131\jre\lib\ext\localedata.jar;C:\Program Files\Java\jdk1.8.0_131\jre\lib\ext\nashorn.jar;C:\Program Files\Java\jdk1.8.0_131\jre\lib\ext\sunec.jar;C:\Program Files\Java\jdk1.8.0_131\jre\lib\ext\sunjce_provider.jar;C:\Program Files\Java\jdk1.8.0_131\jre\lib\ext\sunmscapi.jar;C:\Program Files\Java\jdk1.8.0_131\jre\lib\ext\sunpkcs11.jar;C:\Program Files\Java\jdk1.8.0_131\jre\lib\ext\zipfs.jar;C:\Program Files\Java\jdk1.8.0_131\jre\lib\javaws.jar;C:\Program Files\Java\jdk1.8.0_131\jre\lib\jce.jar;C:\Program Files\Java\jdk1.8.0_131\jre\lib\jfr.jar;C:\Program Files\Java\jdk1.8.0_131\jre\lib\jfxswt.jar;C:\Program Files\Java\jdk1.8.0_131\jre\lib\jsse.jar;C:\Program Files\Java\jdk1.8.0_131\jre\lib\management-agent.jar;C:\Program Files\Java\jdk1.8.0_131\jre\lib\plugin.jar;C:\Program Files\Java\jdk1.8.0_131\jre\lib\resources.jar;C:\Program Files\Java\jdk1.8.0_131\jre\lib\rt.jar;D:\crm_servlet\crm\target\classes;D:\maven\maven_local\repository\org\springframework\boot\spring-boot-starter-jdbc\2.1.6.RELEASE\spring-boot-starter-jdbc-2.1.6.RELEASE.jar;D:\maven\maven_local\repository\org\springframework\boot\spring-boot-starter\2.1.6.RELEASE\spring-boot-starter-2.1.6.RELEASE.jar;D:\maven\maven_local\repository\org\springframework\boot\spring-boot-starter-logging\2.1.6.RELEASE\spring-boot-starter-logging-2.1.6.RELEASE.jar;D:\maven\maven_local\repository\ch\qos\logback\logback-classic\1.2.3\logback-classic-1.2.3.jar;D:\maven\maven_local\repository\ch\qos\logback\logback-core\1.2.3\logback-core-1.2.3.jar;D:\maven\maven_loc
Launcher Type: SUN_STANDARD

Environment Variables:
JAVA_HOME=C:\Program Files\Java\jdk1.8.0_131
CLASSPATH=.;C:\Program Files\Java\jdk1.8.0_131\lib;C:\Program Files\Java\jdk1.8.0_131\lib\dt.jar;C:\Program Files\Java\jdk1.8.0_131\lib\tools.jar
PATH=C:\Program Files\Microsoft MPI\Bin\;C:\WINDOWS\system32;C:\WINDOWS;C:\WINDOWS\System32\Wbem;C:\WINDOWS\System32\WindowsPowerShell\v1.0\;C:\WINDOWS\System32\OpenSSH\;C:\Program Files (x86)\Microsoft SQL Server\100\Tools\Binn\;C:\Program Files\Microsoft SQL Server\100\Tools\Binn\;C:\Program Files\Microsoft SQL Server\100\DTS\Binn\;C:\Program Files\Java\jdk1.8.0_131\bin;C:\Program Files\Java\jdk1.8.0_131\jre\bin;D:\jflex-1.7.0\bin;C:\Program Files\VisualSVN Server\bin;D:\Git\cmd;C:\Program Files\TortoiseSVN\bin;D:\python\Scripts\;D:\python\;C:\Users\¿ÓÕ¢¥®\AppData\Local\Microsoft\WindowsApps;
USERNAME=¿ÓÕ¢¥®
OS=Windows_NT
PROCESSOR_IDENTIFIER=Intel64 Family 6 Model 76 Stepping 3, GenuineIntel



---------------  S Y S T E M  ---------------

OS: Windows 10.0 , 64 bit Build 18362 (10.0.18362.86)

CPU:total 4 (initial active 4) (4 cores per cpu, 1 threads per core) family 6 model 76 stepping 3, cmov, cx8, fxsr, mmx, sse, sse2, sse3, ssse3, sse4.1, sse4.2, popcnt, aes, clmul, erms, 3dnowpref, tsc, tscinvbit

Memory: 4k page, physical 4104560k(342572k free), swap 6152560k(3940k free)

vm_info: Java HotSpot(TM) 64-Bit Server VM (25.131-b11) for windows-amd64 JRE (1.8.0_131-b11), built on Mar 15 2017 01:23:53 by "java_re" with MS VC++ 10.0 (VS2010)

time: Thu Jun 27 20:33:10 2019
elapsed time: 17 seconds (0d 0h 0m 17s)

